<?xml version="1.0" encoding="UTF-8"?>
<!-- Generated by org.testng.reporters.JUnitReportReporter -->
<testsuite hostname="denis-Latitude-6430U" name="com.dm.estore.core.repository.ProductRepositoryTest" tests="6" failures="0" timestamp="9 Jul 2014 22:54:21 GMT" time="0.254" errors="0">
  <testcase name="addProductI18N" time="0.109" classname="com.dm.estore.core.repository.ProductRepositoryTest"/>
  <testcase name="getProductI18N" time="0.008" classname="com.dm.estore.core.repository.ProductRepositoryTest"/>
  <testcase name="addProducts" time="0.057" classname="com.dm.estore.core.repository.ProductRepositoryTest"/>
  <testcase name="searchBySku" time="0.025" classname="com.dm.estore.core.repository.ProductRepositoryTest"/>
  <testcase name="productNameCascadeDelete" time="0.023" classname="com.dm.estore.core.repository.ProductRepositoryTest"/>
  <testcase name="getLocalizedName" time="0.032" classname="com.dm.estore.core.repository.ProductRepositoryTest"/>
</testsuite> <!-- com.dm.estore.core.repository.ProductRepositoryTest -->
